INFO  @ Wed, 05 Jul 2023 18:36:02: 
# Command line: callpeak -t data/bam/SRR8315184.bam -c data/bam/SRR8315192.bam -f BAM -g hs --keep-dup all -q 0.05 -n SRR8315184 --bdg --SPMR --outdir output/macs2/SRR8315184
# ARGUMENTS LIST:
# name = SRR8315184
# format = BAM
# ChIP-seq file = ['data/bam/SRR8315184.bam']
# control file = ['data/bam/SRR8315192.bam']
# effective genome size = 2.70e+09
# band width = 300
# model fold = [5, 50]
# qvalue cutoff = 5.00e-02
# The maximum gap between significant sites is assigned as the read length/tag size.
# The minimum length of peaks is assigned as the predicted fragment length "d".
# Larger dataset will be scaled towards smaller dataset.
# Range for calculating regional lambda is: 1000 bps and 10000 bps
# Broad region calling is off
# Paired-End mode is off
# MACS will save fragment pileup signal per million reads
 
INFO  @ Wed, 05 Jul 2023 18:36:02: #1 read tag files... 
INFO  @ Wed, 05 Jul 2023 18:36:02: #1 read treatment tags... 
INFO  @ Wed, 05 Jul 2023 18:36:04:  1000000 
INFO  @ Wed, 05 Jul 2023 18:36:05:  2000000 
INFO  @ Wed, 05 Jul 2023 18:36:07:  3000000 
INFO  @ Wed, 05 Jul 2023 18:36:09:  4000000 
INFO  @ Wed, 05 Jul 2023 18:36:11:  5000000 
INFO  @ Wed, 05 Jul 2023 18:36:12:  6000000 
INFO  @ Wed, 05 Jul 2023 18:36:14:  7000000 
INFO  @ Wed, 05 Jul 2023 18:36:16:  8000000 
INFO  @ Wed, 05 Jul 2023 18:36:17:  9000000 
INFO  @ Wed, 05 Jul 2023 18:36:19:  10000000 
INFO  @ Wed, 05 Jul 2023 18:36:21:  11000000 
INFO  @ Wed, 05 Jul 2023 18:36:22:  12000000 
INFO  @ Wed, 05 Jul 2023 18:36:24:  13000000 
INFO  @ Wed, 05 Jul 2023 18:36:26:  14000000 
INFO  @ Wed, 05 Jul 2023 18:36:27:  15000000 
INFO  @ Wed, 05 Jul 2023 18:36:29:  16000000 
INFO  @ Wed, 05 Jul 2023 18:36:31:  17000000 
INFO  @ Wed, 05 Jul 2023 18:36:32:  18000000 
INFO  @ Wed, 05 Jul 2023 18:36:33: 18270619 reads have been read. 
INFO  @ Wed, 05 Jul 2023 18:36:33: #1.2 read input tags... 
INFO  @ Wed, 05 Jul 2023 18:36:35:  1000000 
INFO  @ Wed, 05 Jul 2023 18:36:36:  2000000 
INFO  @ Wed, 05 Jul 2023 18:36:38:  3000000 
INFO  @ Wed, 05 Jul 2023 18:36:40:  4000000 
INFO  @ Wed, 05 Jul 2023 18:36:41:  5000000 
INFO  @ Wed, 05 Jul 2023 18:36:43:  6000000 
INFO  @ Wed, 05 Jul 2023 18:36:45:  7000000 
INFO  @ Wed, 05 Jul 2023 18:36:46:  8000000 
INFO  @ Wed, 05 Jul 2023 18:36:48:  9000000 
INFO  @ Wed, 05 Jul 2023 18:36:50:  10000000 
INFO  @ Wed, 05 Jul 2023 18:36:51:  11000000 
INFO  @ Wed, 05 Jul 2023 18:36:53:  12000000 
INFO  @ Wed, 05 Jul 2023 18:36:55:  13000000 
INFO  @ Wed, 05 Jul 2023 18:36:56:  14000000 
INFO  @ Wed, 05 Jul 2023 18:36:58:  15000000 
INFO  @ Wed, 05 Jul 2023 18:37:00:  16000000 
INFO  @ Wed, 05 Jul 2023 18:37:01:  17000000 
INFO  @ Wed, 05 Jul 2023 18:37:03:  18000000 
INFO  @ Wed, 05 Jul 2023 18:37:05:  19000000 
INFO  @ Wed, 05 Jul 2023 18:37:05: 19309861 reads have been read. 
INFO  @ Wed, 05 Jul 2023 18:37:06: #1 tag size is determined as 73 bps 
INFO  @ Wed, 05 Jul 2023 18:37:06: #1 tag size = 73.0 
INFO  @ Wed, 05 Jul 2023 18:37:06: #1  total tags in treatment: 18270619 
INFO  @ Wed, 05 Jul 2023 18:37:06: #1  total tags in control: 19309861 
INFO  @ Wed, 05 Jul 2023 18:37:06: #1 finished! 
INFO  @ Wed, 05 Jul 2023 18:37:06: #2 Build Peak Model... 
INFO  @ Wed, 05 Jul 2023 18:37:06: #2 looking for paired plus/minus strand peaks... 
INFO  @ Wed, 05 Jul 2023 18:37:07: #2 number of paired peaks: 10790 
INFO  @ Wed, 05 Jul 2023 18:37:07: start model_add_line... 
INFO  @ Wed, 05 Jul 2023 18:37:07: start X-correlation... 
INFO  @ Wed, 05 Jul 2023 18:37:07: end of X-cor 
INFO  @ Wed, 05 Jul 2023 18:37:07: #2 finished! 
INFO  @ Wed, 05 Jul 2023 18:37:07: #2 predicted fragment length is 178 bps 
INFO  @ Wed, 05 Jul 2023 18:37:07: #2 alternative fragment length(s) may be 178 bps 
INFO  @ Wed, 05 Jul 2023 18:37:07: #2.2 Generate R script for model : output/macs2/SRR8315184/SRR8315184_model.r 
INFO  @ Wed, 05 Jul 2023 18:37:07: #3 Call peaks... 
INFO  @ Wed, 05 Jul 2023 18:37:07: #3 Pre-compute pvalue-qvalue table... 
INFO  @ Wed, 05 Jul 2023 18:38:12: #3 In the peak calling step, the following will be performed simultaneously: 
INFO  @ Wed, 05 Jul 2023 18:38:12: #3   Write bedGraph files for treatment pileup (after scaling if necessary)... SRR8315184_treat_pileup.bdg 
INFO  @ Wed, 05 Jul 2023 18:38:12: #3   Write bedGraph files for control lambda (after scaling if necessary)... SRR8315184_control_lambda.bdg 
INFO  @ Wed, 05 Jul 2023 18:38:12: #3   --SPMR is requested, so pileup will be normalized by sequencing depth in million reads. 
INFO  @ Wed, 05 Jul 2023 18:38:12: #3 Call peaks for each chromosome... 
ValueError: cannot resize this array: it does not own its data
Exception ignored in: 'MACS2.IO.CallPeakUnit.clean_up_ndarray'
ValueError: cannot resize this array: it does not own its data
ValueError: cannot resize this array: it does not own its data
Exception ignored in: 'MACS2.IO.CallPeakUnit.clean_up_ndarray'
ValueError: cannot resize this array: it does not own its data
ValueError: cannot resize this array: it does not own its data
Exception ignored in: 'MACS2.IO.CallPeakUnit.clean_up_ndarray'
ValueError: cannot resize this array: it does not own its data
ValueError: cannot resize this array: it does not own its data
Exception ignored in: 'MACS2.IO.CallPeakUnit.clean_up_ndarray'
ValueError: cannot resize this array: it does not own its data
ValueError: cannot resize this array: it does not own its data
Exception ignored in: 'MACS2.IO.CallPeakUnit.clean_up_ndarray'
ValueError: cannot resize this array: it does not own its data
ValueError: cannot resize this array: it does not own its data
Exception ignored in: 'MACS2.IO.CallPeakUnit.clean_up_ndarray'
ValueError: cannot resize this array: it does not own its data
INFO  @ Wed, 05 Jul 2023 18:39:28: #4 Write output xls file... output/macs2/SRR8315184/SRR8315184_peaks.xls 
INFO  @ Wed, 05 Jul 2023 18:39:28: #4 Write peak in narrowPeak format file... output/macs2/SRR8315184/SRR8315184_peaks.narrowPeak 
INFO  @ Wed, 05 Jul 2023 18:39:28: #4 Write summits bed file... output/macs2/SRR8315184/SRR8315184_summits.bed 
INFO  @ Wed, 05 Jul 2023 18:39:28: Done! 
