INFO  @ Wed, 05 Jul 2023 18:49:43: 
# Command line: callpeak -t data/bam/SRR8315182.bam -c data/bam/SRR8315192.bam -f BAM -g hs --keep-dup all -q 0.05 -n SRR8315182 --bdg --SPMR --outdir output/macs2/SRR8315182
# ARGUMENTS LIST:
# name = SRR8315182
# format = BAM
# ChIP-seq file = ['data/bam/SRR8315182.bam']
# control file = ['data/bam/SRR8315192.bam']
# effective genome size = 2.70e+09
# band width = 300
# model fold = [5, 50]
# qvalue cutoff = 5.00e-02
# The maximum gap between significant sites is assigned as the read length/tag size.
# The minimum length of peaks is assigned as the predicted fragment length "d".
# Larger dataset will be scaled towards smaller dataset.
# Range for calculating regional lambda is: 1000 bps and 10000 bps
# Broad region calling is off
# Paired-End mode is off
# MACS will save fragment pileup signal per million reads
 
INFO  @ Wed, 05 Jul 2023 18:49:43: #1 read tag files... 
INFO  @ Wed, 05 Jul 2023 18:49:43: #1 read treatment tags... 
INFO  @ Wed, 05 Jul 2023 18:49:45:  1000000 
INFO  @ Wed, 05 Jul 2023 18:49:47:  2000000 
INFO  @ Wed, 05 Jul 2023 18:49:49:  3000000 
INFO  @ Wed, 05 Jul 2023 18:49:50:  4000000 
INFO  @ Wed, 05 Jul 2023 18:49:52:  5000000 
INFO  @ Wed, 05 Jul 2023 18:49:54:  6000000 
INFO  @ Wed, 05 Jul 2023 18:49:56:  7000000 
INFO  @ Wed, 05 Jul 2023 18:49:57:  8000000 
INFO  @ Wed, 05 Jul 2023 18:49:59:  9000000 
INFO  @ Wed, 05 Jul 2023 18:50:01:  10000000 
INFO  @ Wed, 05 Jul 2023 18:50:03:  11000000 
INFO  @ Wed, 05 Jul 2023 18:50:04:  12000000 
INFO  @ Wed, 05 Jul 2023 18:50:06:  13000000 
INFO  @ Wed, 05 Jul 2023 18:50:08:  14000000 
INFO  @ Wed, 05 Jul 2023 18:50:10:  15000000 
INFO  @ Wed, 05 Jul 2023 18:50:11:  16000000 
INFO  @ Wed, 05 Jul 2023 18:50:13:  17000000 
INFO  @ Wed, 05 Jul 2023 18:50:14: 17641037 reads have been read. 
INFO  @ Wed, 05 Jul 2023 18:50:15: #1.2 read input tags... 
INFO  @ Wed, 05 Jul 2023 18:50:16:  1000000 
INFO  @ Wed, 05 Jul 2023 18:50:18:  2000000 
INFO  @ Wed, 05 Jul 2023 18:50:20:  3000000 
INFO  @ Wed, 05 Jul 2023 18:50:21:  4000000 
INFO  @ Wed, 05 Jul 2023 18:50:23:  5000000 
INFO  @ Wed, 05 Jul 2023 18:50:25:  6000000 
INFO  @ Wed, 05 Jul 2023 18:50:27:  7000000 
INFO  @ Wed, 05 Jul 2023 18:50:28:  8000000 
INFO  @ Wed, 05 Jul 2023 18:50:30:  9000000 
INFO  @ Wed, 05 Jul 2023 18:50:32:  10000000 
INFO  @ Wed, 05 Jul 2023 18:50:34:  11000000 
INFO  @ Wed, 05 Jul 2023 18:50:35:  12000000 
INFO  @ Wed, 05 Jul 2023 18:50:37:  13000000 
INFO  @ Wed, 05 Jul 2023 18:50:39:  14000000 
INFO  @ Wed, 05 Jul 2023 18:50:41:  15000000 
INFO  @ Wed, 05 Jul 2023 18:50:42:  16000000 
INFO  @ Wed, 05 Jul 2023 18:50:44:  17000000 
INFO  @ Wed, 05 Jul 2023 18:50:46:  18000000 
INFO  @ Wed, 05 Jul 2023 18:50:48:  19000000 
INFO  @ Wed, 05 Jul 2023 18:50:48: 19309861 reads have been read. 
INFO  @ Wed, 05 Jul 2023 18:50:48: #1 tag size is determined as 73 bps 
INFO  @ Wed, 05 Jul 2023 18:50:48: #1 tag size = 73.0 
INFO  @ Wed, 05 Jul 2023 18:50:48: #1  total tags in treatment: 17641037 
INFO  @ Wed, 05 Jul 2023 18:50:48: #1  total tags in control: 19309861 
INFO  @ Wed, 05 Jul 2023 18:50:48: #1 finished! 
INFO  @ Wed, 05 Jul 2023 18:50:48: #2 Build Peak Model... 
INFO  @ Wed, 05 Jul 2023 18:50:48: #2 looking for paired plus/minus strand peaks... 
INFO  @ Wed, 05 Jul 2023 18:50:50: #2 number of paired peaks: 11914 
INFO  @ Wed, 05 Jul 2023 18:50:50: start model_add_line... 
INFO  @ Wed, 05 Jul 2023 18:50:50: start X-correlation... 
INFO  @ Wed, 05 Jul 2023 18:50:50: end of X-cor 
INFO  @ Wed, 05 Jul 2023 18:50:50: #2 finished! 
INFO  @ Wed, 05 Jul 2023 18:50:50: #2 predicted fragment length is 176 bps 
INFO  @ Wed, 05 Jul 2023 18:50:50: #2 alternative fragment length(s) may be 176 bps 
INFO  @ Wed, 05 Jul 2023 18:50:50: #2.2 Generate R script for model : output/macs2/SRR8315182/SRR8315182_model.r 
INFO  @ Wed, 05 Jul 2023 18:50:50: #3 Call peaks... 
INFO  @ Wed, 05 Jul 2023 18:50:50: #3 Pre-compute pvalue-qvalue table... 
INFO  @ Wed, 05 Jul 2023 18:51:56: #3 In the peak calling step, the following will be performed simultaneously: 
INFO  @ Wed, 05 Jul 2023 18:51:56: #3   Write bedGraph files for treatment pileup (after scaling if necessary)... SRR8315182_treat_pileup.bdg 
INFO  @ Wed, 05 Jul 2023 18:51:56: #3   Write bedGraph files for control lambda (after scaling if necessary)... SRR8315182_control_lambda.bdg 
INFO  @ Wed, 05 Jul 2023 18:51:56: #3   --SPMR is requested, so pileup will be normalized by sequencing depth in million reads. 
INFO  @ Wed, 05 Jul 2023 18:51:56: #3 Call peaks for each chromosome... 
INFO  @ Wed, 05 Jul 2023 18:53:04: #4 Write output xls file... output/macs2/SRR8315182/SRR8315182_peaks.xls 
INFO  @ Wed, 05 Jul 2023 18:53:04: #4 Write peak in narrowPeak format file... output/macs2/SRR8315182/SRR8315182_peaks.narrowPeak 
INFO  @ Wed, 05 Jul 2023 18:53:04: #4 Write summits bed file... output/macs2/SRR8315182/SRR8315182_summits.bed 
INFO  @ Wed, 05 Jul 2023 18:53:04: Done! 
