INFO  @ Wed, 05 Jul 2023 18:49:46: 
# Command line: callpeak -t data/bam/SRR8315189.bam -c data/bam/SRR8315192.bam -f BAM -g hs --keep-dup all -q 0.05 -n SRR8315189 --bdg --SPMR --outdir output/macs2/SRR8315189
# ARGUMENTS LIST:
# name = SRR8315189
# format = BAM
# ChIP-seq file = ['data/bam/SRR8315189.bam']
# control file = ['data/bam/SRR8315192.bam']
# effective genome size = 2.70e+09
# band width = 300
# model fold = [5, 50]
# qvalue cutoff = 5.00e-02
# The maximum gap between significant sites is assigned as the read length/tag size.
# The minimum length of peaks is assigned as the predicted fragment length "d".
# Larger dataset will be scaled towards smaller dataset.
# Range for calculating regional lambda is: 1000 bps and 10000 bps
# Broad region calling is off
# Paired-End mode is off
# MACS will save fragment pileup signal per million reads
 
INFO  @ Wed, 05 Jul 2023 18:49:46: #1 read tag files... 
INFO  @ Wed, 05 Jul 2023 18:49:46: #1 read treatment tags... 
INFO  @ Wed, 05 Jul 2023 18:49:47:  1000000 
INFO  @ Wed, 05 Jul 2023 18:49:49:  2000000 
INFO  @ Wed, 05 Jul 2023 18:49:50:  3000000 
INFO  @ Wed, 05 Jul 2023 18:49:52:  4000000 
INFO  @ Wed, 05 Jul 2023 18:49:54:  5000000 
INFO  @ Wed, 05 Jul 2023 18:49:55:  6000000 
INFO  @ Wed, 05 Jul 2023 18:49:57:  7000000 
INFO  @ Wed, 05 Jul 2023 18:49:58:  8000000 
INFO  @ Wed, 05 Jul 2023 18:50:00:  9000000 
INFO  @ Wed, 05 Jul 2023 18:50:02:  10000000 
INFO  @ Wed, 05 Jul 2023 18:50:03:  11000000 
INFO  @ Wed, 05 Jul 2023 18:50:05:  12000000 
INFO  @ Wed, 05 Jul 2023 18:50:06:  13000000 
INFO  @ Wed, 05 Jul 2023 18:50:08:  14000000 
INFO  @ Wed, 05 Jul 2023 18:50:10:  15000000 
INFO  @ Wed, 05 Jul 2023 18:50:11:  16000000 
INFO  @ Wed, 05 Jul 2023 18:50:12: 16401078 reads have been read. 
INFO  @ Wed, 05 Jul 2023 18:50:12: #1.2 read input tags... 
INFO  @ Wed, 05 Jul 2023 18:50:14:  1000000 
INFO  @ Wed, 05 Jul 2023 18:50:15:  2000000 
INFO  @ Wed, 05 Jul 2023 18:50:17:  3000000 
INFO  @ Wed, 05 Jul 2023 18:50:19:  4000000 
INFO  @ Wed, 05 Jul 2023 18:50:20:  5000000 
INFO  @ Wed, 05 Jul 2023 18:50:22:  6000000 
INFO  @ Wed, 05 Jul 2023 18:50:24:  7000000 
INFO  @ Wed, 05 Jul 2023 18:50:25:  8000000 
INFO  @ Wed, 05 Jul 2023 18:50:27:  9000000 
INFO  @ Wed, 05 Jul 2023 18:50:29:  10000000 
INFO  @ Wed, 05 Jul 2023 18:50:30:  11000000 
INFO  @ Wed, 05 Jul 2023 18:50:32:  12000000 
INFO  @ Wed, 05 Jul 2023 18:50:33:  13000000 
INFO  @ Wed, 05 Jul 2023 18:50:35:  14000000 
INFO  @ Wed, 05 Jul 2023 18:50:37:  15000000 
INFO  @ Wed, 05 Jul 2023 18:50:38:  16000000 
INFO  @ Wed, 05 Jul 2023 18:50:40:  17000000 
INFO  @ Wed, 05 Jul 2023 18:50:42:  18000000 
INFO  @ Wed, 05 Jul 2023 18:50:43:  19000000 
INFO  @ Wed, 05 Jul 2023 18:50:44: 19309861 reads have been read. 
INFO  @ Wed, 05 Jul 2023 18:50:44: #1 tag size is determined as 68 bps 
INFO  @ Wed, 05 Jul 2023 18:50:44: #1 tag size = 68.0 
INFO  @ Wed, 05 Jul 2023 18:50:44: #1  total tags in treatment: 16401078 
INFO  @ Wed, 05 Jul 2023 18:50:44: #1  total tags in control: 19309861 
INFO  @ Wed, 05 Jul 2023 18:50:44: #1 finished! 
INFO  @ Wed, 05 Jul 2023 18:50:44: #2 Build Peak Model... 
INFO  @ Wed, 05 Jul 2023 18:50:44: #2 looking for paired plus/minus strand peaks... 
INFO  @ Wed, 05 Jul 2023 18:50:47: #2 number of paired peaks: 95740 
INFO  @ Wed, 05 Jul 2023 18:50:47: start model_add_line... 
INFO  @ Wed, 05 Jul 2023 18:50:49: start X-correlation... 
INFO  @ Wed, 05 Jul 2023 18:50:49: end of X-cor 
INFO  @ Wed, 05 Jul 2023 18:50:49: #2 finished! 
INFO  @ Wed, 05 Jul 2023 18:50:49: #2 predicted fragment length is 242 bps 
INFO  @ Wed, 05 Jul 2023 18:50:49: #2 alternative fragment length(s) may be 242 bps 
INFO  @ Wed, 05 Jul 2023 18:50:49: #2.2 Generate R script for model : output/macs2/SRR8315189/SRR8315189_model.r 
INFO  @ Wed, 05 Jul 2023 18:50:49: #3 Call peaks... 
INFO  @ Wed, 05 Jul 2023 18:50:49: #3 Pre-compute pvalue-qvalue table... 
INFO  @ Wed, 05 Jul 2023 18:51:51: #3 In the peak calling step, the following will be performed simultaneously: 
INFO  @ Wed, 05 Jul 2023 18:51:51: #3   Write bedGraph files for treatment pileup (after scaling if necessary)... SRR8315189_treat_pileup.bdg 
INFO  @ Wed, 05 Jul 2023 18:51:51: #3   Write bedGraph files for control lambda (after scaling if necessary)... SRR8315189_control_lambda.bdg 
INFO  @ Wed, 05 Jul 2023 18:51:51: #3   --SPMR is requested, so pileup will be normalized by sequencing depth in million reads. 
INFO  @ Wed, 05 Jul 2023 18:51:51: #3 Call peaks for each chromosome... 
INFO  @ Wed, 05 Jul 2023 18:52:56: #4 Write output xls file... output/macs2/SRR8315189/SRR8315189_peaks.xls 
INFO  @ Wed, 05 Jul 2023 18:52:56: #4 Write peak in narrowPeak format file... output/macs2/SRR8315189/SRR8315189_peaks.narrowPeak 
INFO  @ Wed, 05 Jul 2023 18:52:56: #4 Write summits bed file... output/macs2/SRR8315189/SRR8315189_summits.bed 
INFO  @ Wed, 05 Jul 2023 18:52:56: Done! 
