INFO  @ Wed, 05 Jul 2023 18:54:41: 
# Command line: callpeak -t data/bam/SRR8315183.bam data/bam/SRR8315184.bam data/bam/SRR8315185.bam -c data/bam/SRR8315192.bam -f BAM -g hs --keep-dup all -q 0.05 -n ER_E2DHT_merged --bdg --SPMR --outdir output/macs2/ER
# ARGUMENTS LIST:
# name = ER_E2DHT_merged
# format = BAM
# ChIP-seq file = ['data/bam/SRR8315183.bam', 'data/bam/SRR8315184.bam', 'data/bam/SRR8315185.bam']
# control file = ['data/bam/SRR8315192.bam']
# effective genome size = 2.70e+09
# band width = 300
# model fold = [5, 50]
# qvalue cutoff = 5.00e-02
# The maximum gap between significant sites is assigned as the read length/tag size.
# The minimum length of peaks is assigned as the predicted fragment length "d".
# Larger dataset will be scaled towards smaller dataset.
# Range for calculating regional lambda is: 1000 bps and 10000 bps
# Broad region calling is off
# Paired-End mode is off
# MACS will save fragment pileup signal per million reads
 
INFO  @ Wed, 05 Jul 2023 18:54:41: #1 read tag files... 
INFO  @ Wed, 05 Jul 2023 18:54:41: #1 read treatment tags... 
INFO  @ Wed, 05 Jul 2023 18:54:43:  1000000 
INFO  @ Wed, 05 Jul 2023 18:54:45:  2000000 
INFO  @ Wed, 05 Jul 2023 18:54:47:  3000000 
INFO  @ Wed, 05 Jul 2023 18:54:48:  4000000 
INFO  @ Wed, 05 Jul 2023 18:54:50:  5000000 
INFO  @ Wed, 05 Jul 2023 18:54:52:  6000000 
INFO  @ Wed, 05 Jul 2023 18:54:53:  7000000 
INFO  @ Wed, 05 Jul 2023 18:54:55:  8000000 
INFO  @ Wed, 05 Jul 2023 18:54:57:  9000000 
INFO  @ Wed, 05 Jul 2023 18:54:59:  10000000 
INFO  @ Wed, 05 Jul 2023 18:55:00:  11000000 
INFO  @ Wed, 05 Jul 2023 18:55:02:  12000000 
INFO  @ Wed, 05 Jul 2023 18:55:04:  13000000 
INFO  @ Wed, 05 Jul 2023 18:55:06:  14000000 
INFO  @ Wed, 05 Jul 2023 18:55:07:  15000000 
INFO  @ Wed, 05 Jul 2023 18:55:09:  16000000 
INFO  @ Wed, 05 Jul 2023 18:55:10: 16208256 reads have been read. 
INFO  @ Wed, 05 Jul 2023 18:55:11:  1000000 
INFO  @ Wed, 05 Jul 2023 18:55:13:  2000000 
INFO  @ Wed, 05 Jul 2023 18:55:15:  3000000 
INFO  @ Wed, 05 Jul 2023 18:55:17:  4000000 
INFO  @ Wed, 05 Jul 2023 18:55:19:  5000000 
INFO  @ Wed, 05 Jul 2023 18:55:20:  6000000 
INFO  @ Wed, 05 Jul 2023 18:55:22:  7000000 
INFO  @ Wed, 05 Jul 2023 18:55:24:  8000000 
INFO  @ Wed, 05 Jul 2023 18:55:26:  9000000 
INFO  @ Wed, 05 Jul 2023 18:55:27:  10000000 
INFO  @ Wed, 05 Jul 2023 18:55:29:  11000000 
INFO  @ Wed, 05 Jul 2023 18:55:31:  12000000 
INFO  @ Wed, 05 Jul 2023 18:55:33:  13000000 
INFO  @ Wed, 05 Jul 2023 18:55:34:  14000000 
INFO  @ Wed, 05 Jul 2023 18:55:36:  15000000 
INFO  @ Wed, 05 Jul 2023 18:55:38:  16000000 
INFO  @ Wed, 05 Jul 2023 18:55:40:  17000000 
INFO  @ Wed, 05 Jul 2023 18:55:42:  18000000 
INFO  @ Wed, 05 Jul 2023 18:55:42: 18270619 reads have been read. 
INFO  @ Wed, 05 Jul 2023 18:55:44:  1000000 
INFO  @ Wed, 05 Jul 2023 18:55:46:  2000000 
INFO  @ Wed, 05 Jul 2023 18:55:47:  3000000 
INFO  @ Wed, 05 Jul 2023 18:55:49:  4000000 
INFO  @ Wed, 05 Jul 2023 18:55:51:  5000000 
INFO  @ Wed, 05 Jul 2023 18:55:53:  6000000 
INFO  @ Wed, 05 Jul 2023 18:55:54:  7000000 
INFO  @ Wed, 05 Jul 2023 18:55:56:  8000000 
INFO  @ Wed, 05 Jul 2023 18:55:58:  9000000 
INFO  @ Wed, 05 Jul 2023 18:56:00:  10000000 
INFO  @ Wed, 05 Jul 2023 18:56:02:  11000000 
INFO  @ Wed, 05 Jul 2023 18:56:03:  12000000 
INFO  @ Wed, 05 Jul 2023 18:56:05:  13000000 
INFO  @ Wed, 05 Jul 2023 18:56:07:  14000000 
INFO  @ Wed, 05 Jul 2023 18:56:09:  15000000 
INFO  @ Wed, 05 Jul 2023 18:56:10:  16000000 
INFO  @ Wed, 05 Jul 2023 18:56:12:  17000000 
INFO  @ Wed, 05 Jul 2023 18:56:14:  18000000 
INFO  @ Wed, 05 Jul 2023 18:56:14: 18061306 reads have been read. 
INFO  @ Wed, 05 Jul 2023 18:56:16: #1.2 read input tags... 
INFO  @ Wed, 05 Jul 2023 18:56:18:  1000000 
INFO  @ Wed, 05 Jul 2023 18:56:19:  2000000 
INFO  @ Wed, 05 Jul 2023 18:56:21:  3000000 
INFO  @ Wed, 05 Jul 2023 18:56:23:  4000000 
INFO  @ Wed, 05 Jul 2023 18:56:24:  5000000 
INFO  @ Wed, 05 Jul 2023 18:56:26:  6000000 
INFO  @ Wed, 05 Jul 2023 18:56:28:  7000000 
INFO  @ Wed, 05 Jul 2023 18:56:30:  8000000 
INFO  @ Wed, 05 Jul 2023 18:56:31:  9000000 
INFO  @ Wed, 05 Jul 2023 18:56:33:  10000000 
INFO  @ Wed, 05 Jul 2023 18:56:35:  11000000 
INFO  @ Wed, 05 Jul 2023 18:56:36:  12000000 
INFO  @ Wed, 05 Jul 2023 18:56:38:  13000000 
INFO  @ Wed, 05 Jul 2023 18:56:40:  14000000 
INFO  @ Wed, 05 Jul 2023 18:56:42:  15000000 
INFO  @ Wed, 05 Jul 2023 18:56:43:  16000000 
INFO  @ Wed, 05 Jul 2023 18:56:45:  17000000 
INFO  @ Wed, 05 Jul 2023 18:56:47:  18000000 
INFO  @ Wed, 05 Jul 2023 18:56:48:  19000000 
INFO  @ Wed, 05 Jul 2023 18:56:49: 19309861 reads have been read. 
INFO  @ Wed, 05 Jul 2023 18:56:49: #1 tag size is determined as 66 bps 
INFO  @ Wed, 05 Jul 2023 18:56:49: #1 tag size = 66.0 
INFO  @ Wed, 05 Jul 2023 18:56:49: #1  total tags in treatment: 52540181 
INFO  @ Wed, 05 Jul 2023 18:56:49: #1  total tags in control: 19309861 
INFO  @ Wed, 05 Jul 2023 18:56:49: #1 finished! 
INFO  @ Wed, 05 Jul 2023 18:56:49: #2 Build Peak Model... 
INFO  @ Wed, 05 Jul 2023 18:56:49: #2 looking for paired plus/minus strand peaks... 
INFO  @ Wed, 05 Jul 2023 18:56:53: #2 number of paired peaks: 8005 
INFO  @ Wed, 05 Jul 2023 18:56:53: start model_add_line... 
INFO  @ Wed, 05 Jul 2023 18:56:54: start X-correlation... 
INFO  @ Wed, 05 Jul 2023 18:56:54: end of X-cor 
INFO  @ Wed, 05 Jul 2023 18:56:54: #2 finished! 
INFO  @ Wed, 05 Jul 2023 18:56:54: #2 predicted fragment length is 173 bps 
INFO  @ Wed, 05 Jul 2023 18:56:54: #2 alternative fragment length(s) may be 173 bps 
INFO  @ Wed, 05 Jul 2023 18:56:54: #2.2 Generate R script for model : output/macs2/ER/ER_E2DHT_merged_model.r 
INFO  @ Wed, 05 Jul 2023 18:56:54: #3 Call peaks... 
INFO  @ Wed, 05 Jul 2023 18:56:54: #3 Pre-compute pvalue-qvalue table... 
INFO  @ Wed, 05 Jul 2023 18:58:27: #3 In the peak calling step, the following will be performed simultaneously: 
INFO  @ Wed, 05 Jul 2023 18:58:27: #3   Write bedGraph files for treatment pileup (after scaling if necessary)... ER_E2DHT_merged_treat_pileup.bdg 
INFO  @ Wed, 05 Jul 2023 18:58:27: #3   Write bedGraph files for control lambda (after scaling if necessary)... ER_E2DHT_merged_control_lambda.bdg 
INFO  @ Wed, 05 Jul 2023 18:58:27: #3   --SPMR is requested, so pileup will be normalized by sequencing depth in million reads. 
INFO  @ Wed, 05 Jul 2023 18:58:27: #3 Call peaks for each chromosome... 
INFO  @ Wed, 05 Jul 2023 19:00:18: #4 Write output xls file... output/macs2/ER/ER_E2DHT_merged_peaks.xls 
INFO  @ Wed, 05 Jul 2023 19:00:18: #4 Write peak in narrowPeak format file... output/macs2/ER/ER_E2DHT_merged_peaks.narrowPeak 
INFO  @ Wed, 05 Jul 2023 19:00:18: #4 Write summits bed file... output/macs2/ER/ER_E2DHT_merged_summits.bed 
INFO  @ Wed, 05 Jul 2023 19:00:18: Done! 
