INFO  @ Wed, 05 Jul 2023 18:33:32: 
# Command line: callpeak -t data/bam/SRR8315181.bam -c data/bam/SRR8315192.bam -f BAM -g hs --keep-dup all -q 0.05 -n SRR8315181 --bdg --SPMR --outdir output/macs2/SRR8315181
# ARGUMENTS LIST:
# name = SRR8315181
# format = BAM
# ChIP-seq file = ['data/bam/SRR8315181.bam']
# control file = ['data/bam/SRR8315192.bam']
# effective genome size = 2.70e+09
# band width = 300
# model fold = [5, 50]
# qvalue cutoff = 5.00e-02
# The maximum gap between significant sites is assigned as the read length/tag size.
# The minimum length of peaks is assigned as the predicted fragment length "d".
# Larger dataset will be scaled towards smaller dataset.
# Range for calculating regional lambda is: 1000 bps and 10000 bps
# Broad region calling is off
# Paired-End mode is off
# MACS will save fragment pileup signal per million reads
 
INFO  @ Wed, 05 Jul 2023 18:33:32: #1 read tag files... 
INFO  @ Wed, 05 Jul 2023 18:33:32: #1 read treatment tags... 
INFO  @ Wed, 05 Jul 2023 18:33:34:  1000000 
INFO  @ Wed, 05 Jul 2023 18:33:36:  2000000 
INFO  @ Wed, 05 Jul 2023 18:33:37:  3000000 
INFO  @ Wed, 05 Jul 2023 18:33:39:  4000000 
INFO  @ Wed, 05 Jul 2023 18:33:41:  5000000 
INFO  @ Wed, 05 Jul 2023 18:33:42:  6000000 
INFO  @ Wed, 05 Jul 2023 18:33:44:  7000000 
INFO  @ Wed, 05 Jul 2023 18:33:46:  8000000 
INFO  @ Wed, 05 Jul 2023 18:33:48:  9000000 
INFO  @ Wed, 05 Jul 2023 18:33:49:  10000000 
INFO  @ Wed, 05 Jul 2023 18:33:51:  11000000 
INFO  @ Wed, 05 Jul 2023 18:33:53:  12000000 
INFO  @ Wed, 05 Jul 2023 18:33:54:  13000000 
INFO  @ Wed, 05 Jul 2023 18:33:56:  14000000 
INFO  @ Wed, 05 Jul 2023 18:33:58:  15000000 
INFO  @ Wed, 05 Jul 2023 18:33:59:  16000000 
INFO  @ Wed, 05 Jul 2023 18:34:01:  17000000 
INFO  @ Wed, 05 Jul 2023 18:34:02: 17581871 reads have been read. 
INFO  @ Wed, 05 Jul 2023 18:34:02: #1.2 read input tags... 
INFO  @ Wed, 05 Jul 2023 18:34:04:  1000000 
INFO  @ Wed, 05 Jul 2023 18:34:06:  2000000 
INFO  @ Wed, 05 Jul 2023 18:34:07:  3000000 
INFO  @ Wed, 05 Jul 2023 18:34:09:  4000000 
INFO  @ Wed, 05 Jul 2023 18:34:11:  5000000 
INFO  @ Wed, 05 Jul 2023 18:34:12:  6000000 
INFO  @ Wed, 05 Jul 2023 18:34:14:  7000000 
INFO  @ Wed, 05 Jul 2023 18:34:16:  8000000 
INFO  @ Wed, 05 Jul 2023 18:34:18:  9000000 
INFO  @ Wed, 05 Jul 2023 18:34:19:  10000000 
INFO  @ Wed, 05 Jul 2023 18:34:21:  11000000 
INFO  @ Wed, 05 Jul 2023 18:34:23:  12000000 
INFO  @ Wed, 05 Jul 2023 18:34:24:  13000000 
INFO  @ Wed, 05 Jul 2023 18:34:26:  14000000 
INFO  @ Wed, 05 Jul 2023 18:34:28:  15000000 
INFO  @ Wed, 05 Jul 2023 18:34:29:  16000000 
INFO  @ Wed, 05 Jul 2023 18:34:31:  17000000 
INFO  @ Wed, 05 Jul 2023 18:34:33:  18000000 
INFO  @ Wed, 05 Jul 2023 18:34:35:  19000000 
INFO  @ Wed, 05 Jul 2023 18:34:35: 19309861 reads have been read. 
INFO  @ Wed, 05 Jul 2023 18:34:35: #1 tag size is determined as 65 bps 
INFO  @ Wed, 05 Jul 2023 18:34:35: #1 tag size = 65.0 
INFO  @ Wed, 05 Jul 2023 18:34:35: #1  total tags in treatment: 17581871 
INFO  @ Wed, 05 Jul 2023 18:34:35: #1  total tags in control: 19309861 
INFO  @ Wed, 05 Jul 2023 18:34:35: #1 finished! 
INFO  @ Wed, 05 Jul 2023 18:34:35: #2 Build Peak Model... 
INFO  @ Wed, 05 Jul 2023 18:34:35: #2 looking for paired plus/minus strand peaks... 
INFO  @ Wed, 05 Jul 2023 18:34:37: #2 number of paired peaks: 7811 
INFO  @ Wed, 05 Jul 2023 18:34:37: start model_add_line... 
INFO  @ Wed, 05 Jul 2023 18:34:37: start X-correlation... 
INFO  @ Wed, 05 Jul 2023 18:34:37: end of X-cor 
INFO  @ Wed, 05 Jul 2023 18:34:37: #2 finished! 
INFO  @ Wed, 05 Jul 2023 18:34:37: #2 predicted fragment length is 175 bps 
INFO  @ Wed, 05 Jul 2023 18:34:37: #2 alternative fragment length(s) may be 175 bps 
INFO  @ Wed, 05 Jul 2023 18:34:37: #2.2 Generate R script for model : output/macs2/SRR8315181/SRR8315181_model.r 
INFO  @ Wed, 05 Jul 2023 18:34:37: #3 Call peaks... 
INFO  @ Wed, 05 Jul 2023 18:34:37: #3 Pre-compute pvalue-qvalue table... 
INFO  @ Wed, 05 Jul 2023 18:35:40: #3 In the peak calling step, the following will be performed simultaneously: 
INFO  @ Wed, 05 Jul 2023 18:35:40: #3   Write bedGraph files for treatment pileup (after scaling if necessary)... SRR8315181_treat_pileup.bdg 
INFO  @ Wed, 05 Jul 2023 18:35:40: #3   Write bedGraph files for control lambda (after scaling if necessary)... SRR8315181_control_lambda.bdg 
INFO  @ Wed, 05 Jul 2023 18:35:40: #3   --SPMR is requested, so pileup will be normalized by sequencing depth in million reads. 
INFO  @ Wed, 05 Jul 2023 18:35:40: #3 Call peaks for each chromosome... 
ValueError: cannot resize this array: it does not own its data
Exception ignored in: 'MACS2.IO.CallPeakUnit.clean_up_ndarray'
ValueError: cannot resize this array: it does not own its data
ValueError: cannot resize this array: it does not own its data
Exception ignored in: 'MACS2.IO.CallPeakUnit.clean_up_ndarray'
ValueError: cannot resize this array: it does not own its data
ValueError: cannot resize this array: it does not own its data
Exception ignored in: 'MACS2.IO.CallPeakUnit.clean_up_ndarray'
ValueError: cannot resize this array: it does not own its data
ValueError: cannot resize this array: it does not own its data
Exception ignored in: 'MACS2.IO.CallPeakUnit.clean_up_ndarray'
ValueError: cannot resize this array: it does not own its data
ValueError: cannot resize this array: it does not own its data
Exception ignored in: 'MACS2.IO.CallPeakUnit.clean_up_ndarray'
ValueError: cannot resize this array: it does not own its data
ValueError: cannot resize this array: it does not own its data
Exception ignored in: 'MACS2.IO.CallPeakUnit.clean_up_ndarray'
ValueError: cannot resize this array: it does not own its data
INFO  @ Wed, 05 Jul 2023 18:36:55: #4 Write output xls file... output/macs2/SRR8315181/SRR8315181_peaks.xls 
INFO  @ Wed, 05 Jul 2023 18:36:55: #4 Write peak in narrowPeak format file... output/macs2/SRR8315181/SRR8315181_peaks.narrowPeak 
INFO  @ Wed, 05 Jul 2023 18:36:55: #4 Write summits bed file... output/macs2/SRR8315181/SRR8315181_summits.bed 
INFO  @ Wed, 05 Jul 2023 18:36:55: Done! 
