INFO  @ Sat, 01 Jul 2023 02:57:42: 
# Command line: callpeak -t data/bam/SRR8315178.bam -c data/bam/SRR8315192.bam -f BAM -g hs --keep-dup all -q 0.05 -n SRR8315178 --bdg --SPMR --outdir output/macs2/SRR8315178
# ARGUMENTS LIST:
# name = SRR8315178
# format = BAM
# ChIP-seq file = ['data/bam/SRR8315178.bam']
# control file = ['data/bam/SRR8315192.bam']
# effective genome size = 2.70e+09
# band width = 300
# model fold = [5, 50]
# qvalue cutoff = 5.00e-02
# The maximum gap between significant sites is assigned as the read length/tag size.
# The minimum length of peaks is assigned as the predicted fragment length "d".
# Larger dataset will be scaled towards smaller dataset.
# Range for calculating regional lambda is: 1000 bps and 10000 bps
# Broad region calling is off
# Paired-End mode is off
# MACS will save fragment pileup signal per million reads
 
INFO  @ Sat, 01 Jul 2023 02:57:42: #1 read tag files... 
INFO  @ Sat, 01 Jul 2023 02:57:42: #1 read treatment tags... 
INFO  @ Sat, 01 Jul 2023 02:57:43:  1000000 
INFO  @ Sat, 01 Jul 2023 02:57:45:  2000000 
INFO  @ Sat, 01 Jul 2023 02:57:47:  3000000 
INFO  @ Sat, 01 Jul 2023 02:57:49:  4000000 
INFO  @ Sat, 01 Jul 2023 02:57:51:  5000000 
INFO  @ Sat, 01 Jul 2023 02:57:52:  6000000 
INFO  @ Sat, 01 Jul 2023 02:57:54:  7000000 
INFO  @ Sat, 01 Jul 2023 02:57:56:  8000000 
INFO  @ Sat, 01 Jul 2023 02:57:58:  9000000 
INFO  @ Sat, 01 Jul 2023 02:57:59:  10000000 
INFO  @ Sat, 01 Jul 2023 02:58:01:  11000000 
INFO  @ Sat, 01 Jul 2023 02:58:03:  12000000 
INFO  @ Sat, 01 Jul 2023 02:58:05:  13000000 
INFO  @ Sat, 01 Jul 2023 02:58:06:  14000000 
INFO  @ Sat, 01 Jul 2023 02:58:08:  15000000 
INFO  @ Sat, 01 Jul 2023 02:58:10:  16000000 
INFO  @ Sat, 01 Jul 2023 02:58:12:  17000000 
INFO  @ Sat, 01 Jul 2023 02:58:13: 17715794 reads have been read. 
INFO  @ Sat, 01 Jul 2023 02:58:13: #1.2 read input tags... 
INFO  @ Sat, 01 Jul 2023 02:58:15:  1000000 
INFO  @ Sat, 01 Jul 2023 02:58:17:  2000000 
INFO  @ Sat, 01 Jul 2023 02:58:19:  3000000 
INFO  @ Sat, 01 Jul 2023 02:58:20:  4000000 
INFO  @ Sat, 01 Jul 2023 02:58:22:  5000000 
INFO  @ Sat, 01 Jul 2023 02:58:24:  6000000 
INFO  @ Sat, 01 Jul 2023 02:58:26:  7000000 
INFO  @ Sat, 01 Jul 2023 02:58:27:  8000000 
INFO  @ Sat, 01 Jul 2023 02:58:29:  9000000 
INFO  @ Sat, 01 Jul 2023 02:58:31:  10000000 
INFO  @ Sat, 01 Jul 2023 02:58:33:  11000000 
INFO  @ Sat, 01 Jul 2023 02:58:34:  12000000 
INFO  @ Sat, 01 Jul 2023 02:58:36:  13000000 
INFO  @ Sat, 01 Jul 2023 02:58:38:  14000000 
INFO  @ Sat, 01 Jul 2023 02:58:40:  15000000 
INFO  @ Sat, 01 Jul 2023 02:58:41:  16000000 
INFO  @ Sat, 01 Jul 2023 02:58:43:  17000000 
INFO  @ Sat, 01 Jul 2023 02:58:45:  18000000 
INFO  @ Sat, 01 Jul 2023 02:58:47:  19000000 
INFO  @ Sat, 01 Jul 2023 02:58:47: 19309861 reads have been read. 
INFO  @ Sat, 01 Jul 2023 02:58:47: #1 tag size is determined as 69 bps 
INFO  @ Sat, 01 Jul 2023 02:58:47: #1 tag size = 69.0 
INFO  @ Sat, 01 Jul 2023 02:58:47: #1  total tags in treatment: 17715794 
INFO  @ Sat, 01 Jul 2023 02:58:47: #1  total tags in control: 19309861 
INFO  @ Sat, 01 Jul 2023 02:58:47: #1 finished! 
INFO  @ Sat, 01 Jul 2023 02:58:47: #2 Build Peak Model... 
INFO  @ Sat, 01 Jul 2023 02:58:47: #2 looking for paired plus/minus strand peaks... 
INFO  @ Sat, 01 Jul 2023 02:58:49: #2 number of paired peaks: 16922 
INFO  @ Sat, 01 Jul 2023 02:58:49: start model_add_line... 
INFO  @ Sat, 01 Jul 2023 02:58:50: start X-correlation... 
INFO  @ Sat, 01 Jul 2023 02:58:50: end of X-cor 
INFO  @ Sat, 01 Jul 2023 02:58:50: #2 finished! 
INFO  @ Sat, 01 Jul 2023 02:58:50: #2 predicted fragment length is 203 bps 
INFO  @ Sat, 01 Jul 2023 02:58:50: #2 alternative fragment length(s) may be 203 bps 
INFO  @ Sat, 01 Jul 2023 02:58:50: #2.2 Generate R script for model : output/macs2/SRR8315178/SRR8315178_model.r 
INFO  @ Sat, 01 Jul 2023 02:58:50: #3 Call peaks... 
INFO  @ Sat, 01 Jul 2023 02:58:50: #3 Pre-compute pvalue-qvalue table... 
INFO  @ Sat, 01 Jul 2023 02:59:56: #3 In the peak calling step, the following will be performed simultaneously: 
INFO  @ Sat, 01 Jul 2023 02:59:56: #3   Write bedGraph files for treatment pileup (after scaling if necessary)... SRR8315178_treat_pileup.bdg 
INFO  @ Sat, 01 Jul 2023 02:59:56: #3   Write bedGraph files for control lambda (after scaling if necessary)... SRR8315178_control_lambda.bdg 
INFO  @ Sat, 01 Jul 2023 02:59:56: #3   --SPMR is requested, so pileup will be normalized by sequencing depth in million reads. 
INFO  @ Sat, 01 Jul 2023 02:59:56: #3 Call peaks for each chromosome... 
INFO  @ Sat, 01 Jul 2023 03:01:05: #4 Write output xls file... output/macs2/SRR8315178/SRR8315178_peaks.xls 
INFO  @ Sat, 01 Jul 2023 03:01:05: #4 Write peak in narrowPeak format file... output/macs2/SRR8315178/SRR8315178_peaks.narrowPeak 
INFO  @ Sat, 01 Jul 2023 03:01:05: #4 Write summits bed file... output/macs2/SRR8315178/SRR8315178_summits.bed 
INFO  @ Sat, 01 Jul 2023 03:01:05: Done! 
