INFO  @ Wed, 05 Jul 2023 18:36:16: 
# Command line: callpeak -t data/bam/SRR8315185.bam -c data/bam/SRR8315192.bam -f BAM -g hs --keep-dup all -q 0.05 -n SRR8315185 --bdg --SPMR --outdir output/macs2/SRR8315185
# ARGUMENTS LIST:
# name = SRR8315185
# format = BAM
# ChIP-seq file = ['data/bam/SRR8315185.bam']
# control file = ['data/bam/SRR8315192.bam']
# effective genome size = 2.70e+09
# band width = 300
# model fold = [5, 50]
# qvalue cutoff = 5.00e-02
# The maximum gap between significant sites is assigned as the read length/tag size.
# The minimum length of peaks is assigned as the predicted fragment length "d".
# Larger dataset will be scaled towards smaller dataset.
# Range for calculating regional lambda is: 1000 bps and 10000 bps
# Broad region calling is off
# Paired-End mode is off
# MACS will save fragment pileup signal per million reads
 
INFO  @ Wed, 05 Jul 2023 18:36:16: #1 read tag files... 
INFO  @ Wed, 05 Jul 2023 18:36:16: #1 read treatment tags... 
INFO  @ Wed, 05 Jul 2023 18:36:18:  1000000 
INFO  @ Wed, 05 Jul 2023 18:36:19:  2000000 
INFO  @ Wed, 05 Jul 2023 18:36:21:  3000000 
INFO  @ Wed, 05 Jul 2023 18:36:23:  4000000 
INFO  @ Wed, 05 Jul 2023 18:36:24:  5000000 
INFO  @ Wed, 05 Jul 2023 18:36:26:  6000000 
INFO  @ Wed, 05 Jul 2023 18:36:28:  7000000 
INFO  @ Wed, 05 Jul 2023 18:36:29:  8000000 
INFO  @ Wed, 05 Jul 2023 18:36:31:  9000000 
INFO  @ Wed, 05 Jul 2023 18:36:33:  10000000 
INFO  @ Wed, 05 Jul 2023 18:36:34:  11000000 
INFO  @ Wed, 05 Jul 2023 18:36:36:  12000000 
INFO  @ Wed, 05 Jul 2023 18:36:38:  13000000 
INFO  @ Wed, 05 Jul 2023 18:36:39:  14000000 
INFO  @ Wed, 05 Jul 2023 18:36:41:  15000000 
INFO  @ Wed, 05 Jul 2023 18:36:43:  16000000 
INFO  @ Wed, 05 Jul 2023 18:36:44:  17000000 
INFO  @ Wed, 05 Jul 2023 18:36:46:  18000000 
INFO  @ Wed, 05 Jul 2023 18:36:46: 18061306 reads have been read. 
INFO  @ Wed, 05 Jul 2023 18:36:46: #1.2 read input tags... 
INFO  @ Wed, 05 Jul 2023 18:36:48:  1000000 
INFO  @ Wed, 05 Jul 2023 18:36:50:  2000000 
INFO  @ Wed, 05 Jul 2023 18:36:51:  3000000 
INFO  @ Wed, 05 Jul 2023 18:36:53:  4000000 
INFO  @ Wed, 05 Jul 2023 18:36:55:  5000000 
INFO  @ Wed, 05 Jul 2023 18:36:56:  6000000 
INFO  @ Wed, 05 Jul 2023 18:36:58:  7000000 
INFO  @ Wed, 05 Jul 2023 18:37:00:  8000000 
INFO  @ Wed, 05 Jul 2023 18:37:01:  9000000 
INFO  @ Wed, 05 Jul 2023 18:37:03:  10000000 
INFO  @ Wed, 05 Jul 2023 18:37:05:  11000000 
INFO  @ Wed, 05 Jul 2023 18:37:06:  12000000 
INFO  @ Wed, 05 Jul 2023 18:37:08:  13000000 
INFO  @ Wed, 05 Jul 2023 18:37:10:  14000000 
INFO  @ Wed, 05 Jul 2023 18:37:11:  15000000 
INFO  @ Wed, 05 Jul 2023 18:37:13:  16000000 
INFO  @ Wed, 05 Jul 2023 18:37:15:  17000000 
INFO  @ Wed, 05 Jul 2023 18:37:16:  18000000 
INFO  @ Wed, 05 Jul 2023 18:37:18:  19000000 
INFO  @ Wed, 05 Jul 2023 18:37:19: 19309861 reads have been read. 
INFO  @ Wed, 05 Jul 2023 18:37:19: #1 tag size is determined as 68 bps 
INFO  @ Wed, 05 Jul 2023 18:37:19: #1 tag size = 68.0 
INFO  @ Wed, 05 Jul 2023 18:37:19: #1  total tags in treatment: 18061306 
INFO  @ Wed, 05 Jul 2023 18:37:19: #1  total tags in control: 19309861 
INFO  @ Wed, 05 Jul 2023 18:37:19: #1 finished! 
INFO  @ Wed, 05 Jul 2023 18:37:19: #2 Build Peak Model... 
INFO  @ Wed, 05 Jul 2023 18:37:19: #2 looking for paired plus/minus strand peaks... 
INFO  @ Wed, 05 Jul 2023 18:37:20: #2 number of paired peaks: 7664 
INFO  @ Wed, 05 Jul 2023 18:37:20: start model_add_line... 
INFO  @ Wed, 05 Jul 2023 18:37:21: start X-correlation... 
INFO  @ Wed, 05 Jul 2023 18:37:21: end of X-cor 
INFO  @ Wed, 05 Jul 2023 18:37:21: #2 finished! 
INFO  @ Wed, 05 Jul 2023 18:37:21: #2 predicted fragment length is 179 bps 
INFO  @ Wed, 05 Jul 2023 18:37:21: #2 alternative fragment length(s) may be 179 bps 
INFO  @ Wed, 05 Jul 2023 18:37:21: #2.2 Generate R script for model : output/macs2/SRR8315185/SRR8315185_model.r 
INFO  @ Wed, 05 Jul 2023 18:37:21: #3 Call peaks... 
INFO  @ Wed, 05 Jul 2023 18:37:21: #3 Pre-compute pvalue-qvalue table... 
INFO  @ Wed, 05 Jul 2023 18:38:27: #3 In the peak calling step, the following will be performed simultaneously: 
INFO  @ Wed, 05 Jul 2023 18:38:27: #3   Write bedGraph files for treatment pileup (after scaling if necessary)... SRR8315185_treat_pileup.bdg 
INFO  @ Wed, 05 Jul 2023 18:38:27: #3   Write bedGraph files for control lambda (after scaling if necessary)... SRR8315185_control_lambda.bdg 
INFO  @ Wed, 05 Jul 2023 18:38:27: #3   --SPMR is requested, so pileup will be normalized by sequencing depth in million reads. 
INFO  @ Wed, 05 Jul 2023 18:38:27: #3 Call peaks for each chromosome... 
INFO  @ Wed, 05 Jul 2023 18:39:36: #4 Write output xls file... output/macs2/SRR8315185/SRR8315185_peaks.xls 
INFO  @ Wed, 05 Jul 2023 18:39:36: #4 Write peak in narrowPeak format file... output/macs2/SRR8315185/SRR8315185_peaks.narrowPeak 
INFO  @ Wed, 05 Jul 2023 18:39:36: #4 Write summits bed file... output/macs2/SRR8315185/SRR8315185_summits.bed 
INFO  @ Wed, 05 Jul 2023 18:39:36: Done! 
