INFO  @ Sat, 01 Jul 2023 02:57:42: 
# Command line: callpeak -t data/bam/SRR8315187.bam -c data/bam/SRR8315192.bam -f BAM -g hs --keep-dup all -q 0.05 -n SRR8315187 --bdg --SPMR --outdir output/macs2/SRR8315187
# ARGUMENTS LIST:
# name = SRR8315187
# format = BAM
# ChIP-seq file = ['data/bam/SRR8315187.bam']
# control file = ['data/bam/SRR8315192.bam']
# effective genome size = 2.70e+09
# band width = 300
# model fold = [5, 50]
# qvalue cutoff = 5.00e-02
# The maximum gap between significant sites is assigned as the read length/tag size.
# The minimum length of peaks is assigned as the predicted fragment length "d".
# Larger dataset will be scaled towards smaller dataset.
# Range for calculating regional lambda is: 1000 bps and 10000 bps
# Broad region calling is off
# Paired-End mode is off
# MACS will save fragment pileup signal per million reads
 
INFO  @ Sat, 01 Jul 2023 02:57:42: #1 read tag files... 
INFO  @ Sat, 01 Jul 2023 02:57:42: #1 read treatment tags... 
INFO  @ Sat, 01 Jul 2023 02:57:43:  1000000 
INFO  @ Sat, 01 Jul 2023 02:57:45:  2000000 
INFO  @ Sat, 01 Jul 2023 02:57:47:  3000000 
INFO  @ Sat, 01 Jul 2023 02:57:48:  4000000 
INFO  @ Sat, 01 Jul 2023 02:57:50:  5000000 
INFO  @ Sat, 01 Jul 2023 02:57:52:  6000000 
INFO  @ Sat, 01 Jul 2023 02:57:53:  7000000 
INFO  @ Sat, 01 Jul 2023 02:57:55:  8000000 
INFO  @ Sat, 01 Jul 2023 02:57:57:  9000000 
INFO  @ Sat, 01 Jul 2023 02:57:58:  10000000 
INFO  @ Sat, 01 Jul 2023 02:58:00:  11000000 
INFO  @ Sat, 01 Jul 2023 02:58:02:  12000000 
INFO  @ Sat, 01 Jul 2023 02:58:03:  13000000 
INFO  @ Sat, 01 Jul 2023 02:58:05:  14000000 
INFO  @ Sat, 01 Jul 2023 02:58:07:  15000000 
INFO  @ Sat, 01 Jul 2023 02:58:08:  16000000 
INFO  @ Sat, 01 Jul 2023 02:58:10:  17000000 
INFO  @ Sat, 01 Jul 2023 02:58:10: 17185932 reads have been read. 
INFO  @ Sat, 01 Jul 2023 02:58:10: #1.2 read input tags... 
INFO  @ Sat, 01 Jul 2023 02:58:12:  1000000 
INFO  @ Sat, 01 Jul 2023 02:58:14:  2000000 
INFO  @ Sat, 01 Jul 2023 02:58:16:  3000000 
INFO  @ Sat, 01 Jul 2023 02:58:17:  4000000 
INFO  @ Sat, 01 Jul 2023 02:58:19:  5000000 
INFO  @ Sat, 01 Jul 2023 02:58:21:  6000000 
INFO  @ Sat, 01 Jul 2023 02:58:23:  7000000 
INFO  @ Sat, 01 Jul 2023 02:58:24:  8000000 
INFO  @ Sat, 01 Jul 2023 02:58:26:  9000000 
INFO  @ Sat, 01 Jul 2023 02:58:28:  10000000 
INFO  @ Sat, 01 Jul 2023 02:58:30:  11000000 
INFO  @ Sat, 01 Jul 2023 02:58:31:  12000000 
INFO  @ Sat, 01 Jul 2023 02:58:33:  13000000 
INFO  @ Sat, 01 Jul 2023 02:58:35:  14000000 
INFO  @ Sat, 01 Jul 2023 02:58:37:  15000000 
INFO  @ Sat, 01 Jul 2023 02:58:38:  16000000 
INFO  @ Sat, 01 Jul 2023 02:58:40:  17000000 
INFO  @ Sat, 01 Jul 2023 02:58:42:  18000000 
INFO  @ Sat, 01 Jul 2023 02:58:44:  19000000 
INFO  @ Sat, 01 Jul 2023 02:58:44: 19309861 reads have been read. 
INFO  @ Sat, 01 Jul 2023 02:58:44: #1 tag size is determined as 70 bps 
INFO  @ Sat, 01 Jul 2023 02:58:44: #1 tag size = 70.0 
INFO  @ Sat, 01 Jul 2023 02:58:44: #1  total tags in treatment: 17185932 
INFO  @ Sat, 01 Jul 2023 02:58:44: #1  total tags in control: 19309861 
INFO  @ Sat, 01 Jul 2023 02:58:44: #1 finished! 
INFO  @ Sat, 01 Jul 2023 02:58:44: #2 Build Peak Model... 
INFO  @ Sat, 01 Jul 2023 02:58:44: #2 looking for paired plus/minus strand peaks... 
INFO  @ Sat, 01 Jul 2023 02:58:47: #2 number of paired peaks: 94639 
INFO  @ Sat, 01 Jul 2023 02:58:47: start model_add_line... 
INFO  @ Sat, 01 Jul 2023 02:58:49: start X-correlation... 
INFO  @ Sat, 01 Jul 2023 02:58:49: end of X-cor 
INFO  @ Sat, 01 Jul 2023 02:58:49: #2 finished! 
INFO  @ Sat, 01 Jul 2023 02:58:49: #2 predicted fragment length is 235 bps 
INFO  @ Sat, 01 Jul 2023 02:58:49: #2 alternative fragment length(s) may be 235 bps 
INFO  @ Sat, 01 Jul 2023 02:58:49: #2.2 Generate R script for model : output/macs2/SRR8315187/SRR8315187_model.r 
INFO  @ Sat, 01 Jul 2023 02:58:49: #3 Call peaks... 
INFO  @ Sat, 01 Jul 2023 02:58:49: #3 Pre-compute pvalue-qvalue table... 
INFO  @ Sat, 01 Jul 2023 02:59:52: #3 In the peak calling step, the following will be performed simultaneously: 
INFO  @ Sat, 01 Jul 2023 02:59:52: #3   Write bedGraph files for treatment pileup (after scaling if necessary)... SRR8315187_treat_pileup.bdg 
INFO  @ Sat, 01 Jul 2023 02:59:52: #3   Write bedGraph files for control lambda (after scaling if necessary)... SRR8315187_control_lambda.bdg 
INFO  @ Sat, 01 Jul 2023 02:59:52: #3   --SPMR is requested, so pileup will be normalized by sequencing depth in million reads. 
INFO  @ Sat, 01 Jul 2023 02:59:52: #3 Call peaks for each chromosome... 
INFO  @ Sat, 01 Jul 2023 03:00:58: #4 Write output xls file... output/macs2/SRR8315187/SRR8315187_peaks.xls 
INFO  @ Sat, 01 Jul 2023 03:00:58: #4 Write peak in narrowPeak format file... output/macs2/SRR8315187/SRR8315187_peaks.narrowPeak 
INFO  @ Sat, 01 Jul 2023 03:00:58: #4 Write summits bed file... output/macs2/SRR8315187/SRR8315187_summits.bed 
INFO  @ Sat, 01 Jul 2023 03:00:58: Done! 
