INFO  @ Wed, 05 Jul 2023 18:36:15: 
# Command line: callpeak -t data/bam/SRR8315186.bam -c data/bam/SRR8315192.bam -f BAM -g hs --keep-dup all -q 0.05 -n SRR8315186 --bdg --SPMR --outdir output/macs2/SRR8315186
# ARGUMENTS LIST:
# name = SRR8315186
# format = BAM
# ChIP-seq file = ['data/bam/SRR8315186.bam']
# control file = ['data/bam/SRR8315192.bam']
# effective genome size = 2.70e+09
# band width = 300
# model fold = [5, 50]
# qvalue cutoff = 5.00e-02
# The maximum gap between significant sites is assigned as the read length/tag size.
# The minimum length of peaks is assigned as the predicted fragment length "d".
# Larger dataset will be scaled towards smaller dataset.
# Range for calculating regional lambda is: 1000 bps and 10000 bps
# Broad region calling is off
# Paired-End mode is off
# MACS will save fragment pileup signal per million reads
 
INFO  @ Wed, 05 Jul 2023 18:36:15: #1 read tag files... 
INFO  @ Wed, 05 Jul 2023 18:36:15: #1 read treatment tags... 
INFO  @ Wed, 05 Jul 2023 18:36:17:  1000000 
INFO  @ Wed, 05 Jul 2023 18:36:19:  2000000 
INFO  @ Wed, 05 Jul 2023 18:36:20:  3000000 
INFO  @ Wed, 05 Jul 2023 18:36:22:  4000000 
INFO  @ Wed, 05 Jul 2023 18:36:24:  5000000 
INFO  @ Wed, 05 Jul 2023 18:36:25:  6000000 
INFO  @ Wed, 05 Jul 2023 18:36:27:  7000000 
INFO  @ Wed, 05 Jul 2023 18:36:28:  8000000 
INFO  @ Wed, 05 Jul 2023 18:36:30:  9000000 
INFO  @ Wed, 05 Jul 2023 18:36:32:  10000000 
INFO  @ Wed, 05 Jul 2023 18:36:33:  11000000 
INFO  @ Wed, 05 Jul 2023 18:36:35:  12000000 
INFO  @ Wed, 05 Jul 2023 18:36:37:  13000000 
INFO  @ Wed, 05 Jul 2023 18:36:38:  14000000 
INFO  @ Wed, 05 Jul 2023 18:36:40: 14881059 reads have been read. 
INFO  @ Wed, 05 Jul 2023 18:36:40: #1.2 read input tags... 
INFO  @ Wed, 05 Jul 2023 18:36:41:  1000000 
INFO  @ Wed, 05 Jul 2023 18:36:43:  2000000 
INFO  @ Wed, 05 Jul 2023 18:36:45:  3000000 
INFO  @ Wed, 05 Jul 2023 18:36:46:  4000000 
INFO  @ Wed, 05 Jul 2023 18:36:48:  5000000 
INFO  @ Wed, 05 Jul 2023 18:36:50:  6000000 
INFO  @ Wed, 05 Jul 2023 18:36:52:  7000000 
INFO  @ Wed, 05 Jul 2023 18:36:53:  8000000 
INFO  @ Wed, 05 Jul 2023 18:36:55:  9000000 
INFO  @ Wed, 05 Jul 2023 18:36:57:  10000000 
INFO  @ Wed, 05 Jul 2023 18:36:58:  11000000 
INFO  @ Wed, 05 Jul 2023 18:37:00:  12000000 
INFO  @ Wed, 05 Jul 2023 18:37:02:  13000000 
INFO  @ Wed, 05 Jul 2023 18:37:03:  14000000 
INFO  @ Wed, 05 Jul 2023 18:37:05:  15000000 
INFO  @ Wed, 05 Jul 2023 18:37:07:  16000000 
INFO  @ Wed, 05 Jul 2023 18:37:08:  17000000 
INFO  @ Wed, 05 Jul 2023 18:37:10:  18000000 
INFO  @ Wed, 05 Jul 2023 18:37:12:  19000000 
INFO  @ Wed, 05 Jul 2023 18:37:12: 19309861 reads have been read. 
INFO  @ Wed, 05 Jul 2023 18:37:13: #1 tag size is determined as 73 bps 
INFO  @ Wed, 05 Jul 2023 18:37:13: #1 tag size = 73.0 
INFO  @ Wed, 05 Jul 2023 18:37:13: #1  total tags in treatment: 14881059 
INFO  @ Wed, 05 Jul 2023 18:37:13: #1  total tags in control: 19309861 
INFO  @ Wed, 05 Jul 2023 18:37:13: #1 finished! 
INFO  @ Wed, 05 Jul 2023 18:37:13: #2 Build Peak Model... 
INFO  @ Wed, 05 Jul 2023 18:37:13: #2 looking for paired plus/minus strand peaks... 
INFO  @ Wed, 05 Jul 2023 18:37:15: #2 number of paired peaks: 96148 
INFO  @ Wed, 05 Jul 2023 18:37:15: start model_add_line... 
INFO  @ Wed, 05 Jul 2023 18:37:17: start X-correlation... 
INFO  @ Wed, 05 Jul 2023 18:37:17: end of X-cor 
INFO  @ Wed, 05 Jul 2023 18:37:17: #2 finished! 
INFO  @ Wed, 05 Jul 2023 18:37:17: #2 predicted fragment length is 236 bps 
INFO  @ Wed, 05 Jul 2023 18:37:17: #2 alternative fragment length(s) may be 236 bps 
INFO  @ Wed, 05 Jul 2023 18:37:17: #2.2 Generate R script for model : output/macs2/SRR8315186/SRR8315186_model.r 
INFO  @ Wed, 05 Jul 2023 18:37:17: #3 Call peaks... 
INFO  @ Wed, 05 Jul 2023 18:37:17: #3 Pre-compute pvalue-qvalue table... 
INFO  @ Wed, 05 Jul 2023 18:38:18: #3 In the peak calling step, the following will be performed simultaneously: 
INFO  @ Wed, 05 Jul 2023 18:38:18: #3   Write bedGraph files for treatment pileup (after scaling if necessary)... SRR8315186_treat_pileup.bdg 
INFO  @ Wed, 05 Jul 2023 18:38:18: #3   Write bedGraph files for control lambda (after scaling if necessary)... SRR8315186_control_lambda.bdg 
INFO  @ Wed, 05 Jul 2023 18:38:18: #3   --SPMR is requested, so pileup will be normalized by sequencing depth in million reads. 
INFO  @ Wed, 05 Jul 2023 18:38:18: #3 Call peaks for each chromosome... 
INFO  @ Wed, 05 Jul 2023 18:39:21: #4 Write output xls file... output/macs2/SRR8315186/SRR8315186_peaks.xls 
INFO  @ Wed, 05 Jul 2023 18:39:21: #4 Write peak in narrowPeak format file... output/macs2/SRR8315186/SRR8315186_peaks.narrowPeak 
INFO  @ Wed, 05 Jul 2023 18:39:21: #4 Write summits bed file... output/macs2/SRR8315186/SRR8315186_summits.bed 
INFO  @ Wed, 05 Jul 2023 18:39:22: Done! 
