INFO  @ Sat, 01 Jul 2023 02:57:42: 
# Command line: callpeak -t data/bam/SRR8315191.bam -c data/bam/SRR8315192.bam -f BAM -g hs --keep-dup all -q 0.05 -n SRR8315191 --bdg --SPMR --outdir output/macs2/SRR8315191
# ARGUMENTS LIST:
# name = SRR8315191
# format = BAM
# ChIP-seq file = ['data/bam/SRR8315191.bam']
# control file = ['data/bam/SRR8315192.bam']
# effective genome size = 2.70e+09
# band width = 300
# model fold = [5, 50]
# qvalue cutoff = 5.00e-02
# The maximum gap between significant sites is assigned as the read length/tag size.
# The minimum length of peaks is assigned as the predicted fragment length "d".
# Larger dataset will be scaled towards smaller dataset.
# Range for calculating regional lambda is: 1000 bps and 10000 bps
# Broad region calling is off
# Paired-End mode is off
# MACS will save fragment pileup signal per million reads
 
INFO  @ Sat, 01 Jul 2023 02:57:42: #1 read tag files... 
INFO  @ Sat, 01 Jul 2023 02:57:42: #1 read treatment tags... 
INFO  @ Sat, 01 Jul 2023 02:57:43:  1000000 
INFO  @ Sat, 01 Jul 2023 02:57:45:  2000000 
INFO  @ Sat, 01 Jul 2023 02:57:47:  3000000 
INFO  @ Sat, 01 Jul 2023 02:57:48:  4000000 
INFO  @ Sat, 01 Jul 2023 02:57:50:  5000000 
INFO  @ Sat, 01 Jul 2023 02:57:51:  6000000 
INFO  @ Sat, 01 Jul 2023 02:57:53:  7000000 
INFO  @ Sat, 01 Jul 2023 02:57:55:  8000000 
INFO  @ Sat, 01 Jul 2023 02:57:56:  9000000 
INFO  @ Sat, 01 Jul 2023 02:57:58:  10000000 
INFO  @ Sat, 01 Jul 2023 02:57:59:  11000000 
INFO  @ Sat, 01 Jul 2023 02:58:01:  12000000 
INFO  @ Sat, 01 Jul 2023 02:58:03:  13000000 
INFO  @ Sat, 01 Jul 2023 02:58:04:  14000000 
INFO  @ Sat, 01 Jul 2023 02:58:06:  15000000 
INFO  @ Sat, 01 Jul 2023 02:58:07: 15842936 reads have been read. 
INFO  @ Sat, 01 Jul 2023 02:58:08: #1.2 read input tags... 
INFO  @ Sat, 01 Jul 2023 02:58:09:  1000000 
INFO  @ Sat, 01 Jul 2023 02:58:11:  2000000 
INFO  @ Sat, 01 Jul 2023 02:58:13:  3000000 
INFO  @ Sat, 01 Jul 2023 02:58:14:  4000000 
INFO  @ Sat, 01 Jul 2023 02:58:16:  5000000 
INFO  @ Sat, 01 Jul 2023 02:58:18:  6000000 
INFO  @ Sat, 01 Jul 2023 02:58:19:  7000000 
INFO  @ Sat, 01 Jul 2023 02:58:21:  8000000 
INFO  @ Sat, 01 Jul 2023 02:58:23:  9000000 
INFO  @ Sat, 01 Jul 2023 02:58:24:  10000000 
INFO  @ Sat, 01 Jul 2023 02:58:26:  11000000 
INFO  @ Sat, 01 Jul 2023 02:58:28:  12000000 
INFO  @ Sat, 01 Jul 2023 02:58:29:  13000000 
INFO  @ Sat, 01 Jul 2023 02:58:31:  14000000 
INFO  @ Sat, 01 Jul 2023 02:58:33:  15000000 
INFO  @ Sat, 01 Jul 2023 02:58:34:  16000000 
INFO  @ Sat, 01 Jul 2023 02:58:36:  17000000 
INFO  @ Sat, 01 Jul 2023 02:58:38:  18000000 
INFO  @ Sat, 01 Jul 2023 02:58:39:  19000000 
INFO  @ Sat, 01 Jul 2023 02:58:40: 19309861 reads have been read. 
INFO  @ Sat, 01 Jul 2023 02:58:40: #1 tag size is determined as 67 bps 
INFO  @ Sat, 01 Jul 2023 02:58:40: #1 tag size = 67.0 
INFO  @ Sat, 01 Jul 2023 02:58:40: #1  total tags in treatment: 15842936 
INFO  @ Sat, 01 Jul 2023 02:58:40: #1  total tags in control: 19309861 
INFO  @ Sat, 01 Jul 2023 02:58:40: #1 finished! 
INFO  @ Sat, 01 Jul 2023 02:58:40: #2 Build Peak Model... 
INFO  @ Sat, 01 Jul 2023 02:58:40: #2 looking for paired plus/minus strand peaks... 
INFO  @ Sat, 01 Jul 2023 02:58:43: #2 number of paired peaks: 90433 
INFO  @ Sat, 01 Jul 2023 02:58:43: start model_add_line... 
INFO  @ Sat, 01 Jul 2023 02:58:44: start X-correlation... 
INFO  @ Sat, 01 Jul 2023 02:58:44: end of X-cor 
INFO  @ Sat, 01 Jul 2023 02:58:44: #2 finished! 
INFO  @ Sat, 01 Jul 2023 02:58:44: #2 predicted fragment length is 236 bps 
INFO  @ Sat, 01 Jul 2023 02:58:44: #2 alternative fragment length(s) may be 236 bps 
INFO  @ Sat, 01 Jul 2023 02:58:44: #2.2 Generate R script for model : output/macs2/SRR8315191/SRR8315191_model.r 
INFO  @ Sat, 01 Jul 2023 02:58:44: #3 Call peaks... 
INFO  @ Sat, 01 Jul 2023 02:58:44: #3 Pre-compute pvalue-qvalue table... 
INFO  @ Sat, 01 Jul 2023 02:59:46: #3 In the peak calling step, the following will be performed simultaneously: 
INFO  @ Sat, 01 Jul 2023 02:59:46: #3   Write bedGraph files for treatment pileup (after scaling if necessary)... SRR8315191_treat_pileup.bdg 
INFO  @ Sat, 01 Jul 2023 02:59:46: #3   Write bedGraph files for control lambda (after scaling if necessary)... SRR8315191_control_lambda.bdg 
INFO  @ Sat, 01 Jul 2023 02:59:46: #3   --SPMR is requested, so pileup will be normalized by sequencing depth in million reads. 
INFO  @ Sat, 01 Jul 2023 02:59:46: #3 Call peaks for each chromosome... 
INFO  @ Sat, 01 Jul 2023 03:00:50: #4 Write output xls file... output/macs2/SRR8315191/SRR8315191_peaks.xls 
INFO  @ Sat, 01 Jul 2023 03:00:50: #4 Write peak in narrowPeak format file... output/macs2/SRR8315191/SRR8315191_peaks.narrowPeak 
INFO  @ Sat, 01 Jul 2023 03:00:50: #4 Write summits bed file... output/macs2/SRR8315191/SRR8315191_summits.bed 
INFO  @ Sat, 01 Jul 2023 03:00:50: Done! 
