INFO  @ Wed, 05 Jul 2023 18:36:07: 
# Command line: callpeak -t data/bam/SRR8315183.bam -c data/bam/SRR8315192.bam -f BAM -g hs --keep-dup all -q 0.05 -n SRR8315183 --bdg --SPMR --outdir output/macs2/SRR8315183
# ARGUMENTS LIST:
# name = SRR8315183
# format = BAM
# ChIP-seq file = ['data/bam/SRR8315183.bam']
# control file = ['data/bam/SRR8315192.bam']
# effective genome size = 2.70e+09
# band width = 300
# model fold = [5, 50]
# qvalue cutoff = 5.00e-02
# The maximum gap between significant sites is assigned as the read length/tag size.
# The minimum length of peaks is assigned as the predicted fragment length "d".
# Larger dataset will be scaled towards smaller dataset.
# Range for calculating regional lambda is: 1000 bps and 10000 bps
# Broad region calling is off
# Paired-End mode is off
# MACS will save fragment pileup signal per million reads
 
INFO  @ Wed, 05 Jul 2023 18:36:07: #1 read tag files... 
INFO  @ Wed, 05 Jul 2023 18:36:07: #1 read treatment tags... 
INFO  @ Wed, 05 Jul 2023 18:36:09:  1000000 
INFO  @ Wed, 05 Jul 2023 18:36:10:  2000000 
INFO  @ Wed, 05 Jul 2023 18:36:12:  3000000 
INFO  @ Wed, 05 Jul 2023 18:36:14:  4000000 
INFO  @ Wed, 05 Jul 2023 18:36:15:  5000000 
INFO  @ Wed, 05 Jul 2023 18:36:17:  6000000 
INFO  @ Wed, 05 Jul 2023 18:36:19:  7000000 
INFO  @ Wed, 05 Jul 2023 18:36:20:  8000000 
INFO  @ Wed, 05 Jul 2023 18:36:22:  9000000 
INFO  @ Wed, 05 Jul 2023 18:36:24:  10000000 
INFO  @ Wed, 05 Jul 2023 18:36:25:  11000000 
INFO  @ Wed, 05 Jul 2023 18:36:27:  12000000 
INFO  @ Wed, 05 Jul 2023 18:36:29:  13000000 
INFO  @ Wed, 05 Jul 2023 18:36:30:  14000000 
INFO  @ Wed, 05 Jul 2023 18:36:32:  15000000 
INFO  @ Wed, 05 Jul 2023 18:36:34:  16000000 
INFO  @ Wed, 05 Jul 2023 18:36:34: 16208256 reads have been read. 
INFO  @ Wed, 05 Jul 2023 18:36:34: #1.2 read input tags... 
INFO  @ Wed, 05 Jul 2023 18:36:36:  1000000 
INFO  @ Wed, 05 Jul 2023 18:36:38:  2000000 
INFO  @ Wed, 05 Jul 2023 18:36:39:  3000000 
INFO  @ Wed, 05 Jul 2023 18:36:41:  4000000 
INFO  @ Wed, 05 Jul 2023 18:36:43:  5000000 
INFO  @ Wed, 05 Jul 2023 18:36:44:  6000000 
INFO  @ Wed, 05 Jul 2023 18:36:46:  7000000 
INFO  @ Wed, 05 Jul 2023 18:36:48:  8000000 
INFO  @ Wed, 05 Jul 2023 18:36:50:  9000000 
INFO  @ Wed, 05 Jul 2023 18:36:51:  10000000 
INFO  @ Wed, 05 Jul 2023 18:36:53:  11000000 
INFO  @ Wed, 05 Jul 2023 18:36:55:  12000000 
INFO  @ Wed, 05 Jul 2023 18:36:56:  13000000 
INFO  @ Wed, 05 Jul 2023 18:36:58:  14000000 
INFO  @ Wed, 05 Jul 2023 18:37:00:  15000000 
INFO  @ Wed, 05 Jul 2023 18:37:01:  16000000 
INFO  @ Wed, 05 Jul 2023 18:37:03:  17000000 
INFO  @ Wed, 05 Jul 2023 18:37:05:  18000000 
INFO  @ Wed, 05 Jul 2023 18:37:06:  19000000 
INFO  @ Wed, 05 Jul 2023 18:37:07: 19309861 reads have been read. 
INFO  @ Wed, 05 Jul 2023 18:37:07: #1 tag size is determined as 66 bps 
INFO  @ Wed, 05 Jul 2023 18:37:07: #1 tag size = 66.0 
INFO  @ Wed, 05 Jul 2023 18:37:07: #1  total tags in treatment: 16208256 
INFO  @ Wed, 05 Jul 2023 18:37:07: #1  total tags in control: 19309861 
INFO  @ Wed, 05 Jul 2023 18:37:07: #1 finished! 
INFO  @ Wed, 05 Jul 2023 18:37:07: #2 Build Peak Model... 
INFO  @ Wed, 05 Jul 2023 18:37:07: #2 looking for paired plus/minus strand peaks... 
INFO  @ Wed, 05 Jul 2023 18:37:09: #2 number of paired peaks: 7545 
INFO  @ Wed, 05 Jul 2023 18:37:09: start model_add_line... 
INFO  @ Wed, 05 Jul 2023 18:37:09: start X-correlation... 
INFO  @ Wed, 05 Jul 2023 18:37:09: end of X-cor 
INFO  @ Wed, 05 Jul 2023 18:37:09: #2 finished! 
INFO  @ Wed, 05 Jul 2023 18:37:09: #2 predicted fragment length is 167 bps 
INFO  @ Wed, 05 Jul 2023 18:37:09: #2 alternative fragment length(s) may be 167 bps 
INFO  @ Wed, 05 Jul 2023 18:37:09: #2.2 Generate R script for model : output/macs2/SRR8315183/SRR8315183_model.r 
INFO  @ Wed, 05 Jul 2023 18:37:09: #3 Call peaks... 
INFO  @ Wed, 05 Jul 2023 18:37:09: #3 Pre-compute pvalue-qvalue table... 
INFO  @ Wed, 05 Jul 2023 18:38:13: #3 In the peak calling step, the following will be performed simultaneously: 
INFO  @ Wed, 05 Jul 2023 18:38:13: #3   Write bedGraph files for treatment pileup (after scaling if necessary)... SRR8315183_treat_pileup.bdg 
INFO  @ Wed, 05 Jul 2023 18:38:13: #3   Write bedGraph files for control lambda (after scaling if necessary)... SRR8315183_control_lambda.bdg 
INFO  @ Wed, 05 Jul 2023 18:38:13: #3   --SPMR is requested, so pileup will be normalized by sequencing depth in million reads. 
INFO  @ Wed, 05 Jul 2023 18:38:13: #3 Call peaks for each chromosome... 
INFO  @ Wed, 05 Jul 2023 18:39:19: #4 Write output xls file... output/macs2/SRR8315183/SRR8315183_peaks.xls 
INFO  @ Wed, 05 Jul 2023 18:39:19: #4 Write peak in narrowPeak format file... output/macs2/SRR8315183/SRR8315183_peaks.narrowPeak 
INFO  @ Wed, 05 Jul 2023 18:39:19: #4 Write summits bed file... output/macs2/SRR8315183/SRR8315183_summits.bed 
INFO  @ Wed, 05 Jul 2023 18:39:19: Done! 
